<?xml version="1.0" encoding="UTF-8"?>
<robot generator="Robot 4.1.1 (Python 3.9.7 on win32)" generated="20211125 09:34:51.902" rpa="false" schemaversion="2">
<suite id="s1" name="Login" source="C:\Users\Kristoffer\Documents\Github\do-good-get-good\tests\robotTests\Tests\login.robot">
<test id="s1-t1" name="User can fail a login atempt">
<kw name="Open_App" library="keywords_general" type="SETUP">
<kw name="Open Application" library="AppiumLibrary">
<arg>http://localhost:4723/wd/hub</arg>
<arg>platformName=Android</arg>
<arg>deviceName=Pixel 4 API 30</arg>
<arg>appPackage=com.src</arg>
<arg>appActivity=com.src.MainActivity</arg>
<arg>automationName=Uiautomator2</arg>
<doc>Opens a new application to given Appium server.
Capabilities of appium server, Android and iOS,
Please check https://github.com/appium/appium/blob/master/docs/en/writing-running-appium/server-args.md
| *Option*            | *Man.* | *Description*     |
| remote_url          | Yes    | Appium server url |
| alias               | no     | alias             |</doc>
<status status="PASS" starttime="20211125 09:34:52.522" endtime="20211125 09:35:05.006"/>
</kw>
<status status="PASS" starttime="20211125 09:34:52.521" endtime="20211125 09:35:05.006"/>
</kw>
<kw name="Failed login attempt" library="keywords_login">
<kw name="Login a user" library="keywords_login">
<arg>false@mail.se</arg>
<arg>aFalsePassword</arg>
<kw name="Fill in username" library="keywords_login">
<arg>${Username}</arg>
<kw name="Wait Until Element Is Visible" library="AppiumLibrary">
<arg>//android.widget.EditText[@text="E-post"]</arg>
<doc>Waits until element specified with `locator` is visible.</doc>
<status status="PASS" starttime="20211125 09:35:05.013" endtime="20211125 09:35:08.423"/>
</kw>
<kw name="Input Text" library="AppiumLibrary">
<arg>//android.widget.EditText[@text="E-post"]</arg>
<arg>${Username}</arg>
<doc>Types the given `text` into text field identified by `locator`.</doc>
<msg timestamp="20211125 09:35:08.427" level="INFO">Typing text 'false@mail.se' into text field '//android.widget.EditText[@text="E-post"]'</msg>
<status status="PASS" starttime="20211125 09:35:08.423" endtime="20211125 09:35:08.588"/>
</kw>
<status status="PASS" starttime="20211125 09:35:05.011" endtime="20211125 09:35:08.588"/>
</kw>
<kw name="Fill in password" library="keywords_login">
<arg>${Password}</arg>
<kw name="Input Password" library="AppiumLibrary">
<arg>//android.widget.EditText[@text="Lösenord"]</arg>
<arg>${Password}</arg>
<doc>Types the given password into text field identified by `locator`.</doc>
<msg timestamp="20211125 09:35:08.595" level="INFO">Typing password into text field '//android.widget.EditText[@text="Lösenord"]'</msg>
<status status="PASS" starttime="20211125 09:35:08.590" endtime="20211125 09:35:09.705"/>
</kw>
<status status="PASS" starttime="20211125 09:35:08.589" endtime="20211125 09:35:09.706"/>
</kw>
<kw name="Click login button" library="keywords_login">
<kw name="Click Element" library="AppiumLibrary">
<arg>//android.widget.TextView[@text="Logga in"]</arg>
<doc>Click element identified by `locator`.</doc>
<msg timestamp="20211125 09:35:09.710" level="INFO">Clicking element '//android.widget.TextView[@text="Logga in"]'.</msg>
<status status="PASS" starttime="20211125 09:35:09.707" endtime="20211125 09:35:10.266"/>
</kw>
<status status="PASS" starttime="20211125 09:35:09.706" endtime="20211125 09:35:10.266"/>
</kw>
<status status="PASS" starttime="20211125 09:35:05.009" endtime="20211125 09:35:10.267"/>
</kw>
<kw name="Varify login page error" library="keywords_login">
<kw name="Wait Until Page Contains Element" library="AppiumLibrary">
<arg>//android.widget.TextView[@text="* Fel e-post eller lösenord"]</arg>
<doc>Waits until element specified with `locator` appears on current page.</doc>
<status status="PASS" starttime="20211125 09:35:10.267" endtime="20211125 09:35:11.522"/>
</kw>
<kw name="Page Should Contain Element" library="AppiumLibrary">
<arg>//android.widget.TextView[@text="* Fel e-post eller lösenord"]</arg>
<doc>Verifies that current page contains `locator` element.</doc>
<msg timestamp="20211125 09:35:11.595" level="INFO">Current page contains element '//android.widget.TextView[@text="* Fel e-post eller lösenord"]'.</msg>
<status status="PASS" starttime="20211125 09:35:11.523" endtime="20211125 09:35:11.595"/>
</kw>
<status status="PASS" starttime="20211125 09:35:10.267" endtime="20211125 09:35:11.595"/>
</kw>
<status status="PASS" starttime="20211125 09:35:05.008" endtime="20211125 09:35:11.595"/>
</kw>
<kw name="Close_App" library="keywords_general" type="TEARDOWN">
<kw name="Close Application" library="AppiumLibrary">
<doc>Closes the current application and also close webdriver session.</doc>
<status status="PASS" starttime="20211125 09:35:11.597" endtime="20211125 09:35:12.786"/>
</kw>
<status status="PASS" starttime="20211125 09:35:11.596" endtime="20211125 09:35:12.786"/>
</kw>
<status status="PASS" starttime="20211125 09:34:52.520" endtime="20211125 09:35:12.787"/>
</test>
<test id="s1-t2" name="Logga in som användare">
<kw name="Open_App" library="keywords_general" type="SETUP">
<kw name="Open Application" library="AppiumLibrary">
<arg>http://localhost:4723/wd/hub</arg>
<arg>platformName=Android</arg>
<arg>deviceName=Pixel 4 API 30</arg>
<arg>appPackage=com.src</arg>
<arg>appActivity=com.src.MainActivity</arg>
<arg>automationName=Uiautomator2</arg>
<doc>Opens a new application to given Appium server.
Capabilities of appium server, Android and iOS,
Please check https://github.com/appium/appium/blob/master/docs/en/writing-running-appium/server-args.md
| *Option*            | *Man.* | *Description*     |
| remote_url          | Yes    | Appium server url |
| alias               | no     | alias             |</doc>
<status status="PASS" starttime="20211125 09:35:12.791" endtime="20211125 09:35:24.610"/>
</kw>
<status status="PASS" starttime="20211125 09:35:12.790" endtime="20211125 09:35:24.610"/>
</kw>
<kw name="Login a user" library="keywords_login">
<arg>test@test.com</arg>
<arg>test123</arg>
<kw name="Fill in username" library="keywords_login">
<arg>${Username}</arg>
<kw name="Wait Until Element Is Visible" library="AppiumLibrary">
<arg>//android.widget.EditText[@text="E-post"]</arg>
<doc>Waits until element specified with `locator` is visible.</doc>
<status status="PASS" starttime="20211125 09:35:24.619" endtime="20211125 09:35:27.835"/>
</kw>
<kw name="Input Text" library="AppiumLibrary">
<arg>//android.widget.EditText[@text="E-post"]</arg>
<arg>${Username}</arg>
<doc>Types the given `text` into text field identified by `locator`.</doc>
<msg timestamp="20211125 09:35:27.838" level="INFO">Typing text 'test@test.com' into text field '//android.widget.EditText[@text="E-post"]'</msg>
<status status="PASS" starttime="20211125 09:35:27.835" endtime="20211125 09:35:28.007"/>
</kw>
<status status="PASS" starttime="20211125 09:35:24.618" endtime="20211125 09:35:28.007"/>
</kw>
<kw name="Fill in password" library="keywords_login">
<arg>${Password}</arg>
<kw name="Input Password" library="AppiumLibrary">
<arg>//android.widget.EditText[@text="Lösenord"]</arg>
<arg>${Password}</arg>
<doc>Types the given password into text field identified by `locator`.</doc>
<msg timestamp="20211125 09:35:28.013" level="INFO">Typing password into text field '//android.widget.EditText[@text="Lösenord"]'</msg>
<status status="PASS" starttime="20211125 09:35:28.008" endtime="20211125 09:35:29.101"/>
</kw>
<status status="PASS" starttime="20211125 09:35:28.007" endtime="20211125 09:35:29.101"/>
</kw>
<kw name="Click login button" library="keywords_login">
<kw name="Click Element" library="AppiumLibrary">
<arg>//android.widget.TextView[@text="Logga in"]</arg>
<doc>Click element identified by `locator`.</doc>
<msg timestamp="20211125 09:35:29.106" level="INFO">Clicking element '//android.widget.TextView[@text="Logga in"]'.</msg>
<status status="PASS" starttime="20211125 09:35:29.102" endtime="20211125 09:35:29.678"/>
</kw>
<status status="PASS" starttime="20211125 09:35:29.101" endtime="20211125 09:35:29.679"/>
</kw>
<status status="PASS" starttime="20211125 09:35:24.617" endtime="20211125 09:35:29.679"/>
</kw>
<kw name="Varify user homepage" library="keywords_login">
<kw name="Wait Until Page Contains Element" library="AppiumLibrary">
<arg>//android.widget.TextView[@text="Förslag &amp; inspiration"]</arg>
<doc>Waits until element specified with `locator` appears on current page.</doc>
<status status="PASS" starttime="20211125 09:35:29.681" endtime="20211125 09:35:33.177"/>
</kw>
<kw name="Page Should Contain Element" library="AppiumLibrary">
<arg>//android.widget.TextView[@text="Förslag &amp; inspiration"]</arg>
<doc>Verifies that current page contains `locator` element.</doc>
<msg timestamp="20211125 09:35:33.246" level="INFO">Current page contains element '//android.widget.TextView[@text="Förslag &amp; inspiration"]'.</msg>
<status status="PASS" starttime="20211125 09:35:33.177" endtime="20211125 09:35:33.246"/>
</kw>
<status status="PASS" starttime="20211125 09:35:29.681" endtime="20211125 09:35:33.246"/>
</kw>
<kw name="Close_App" library="keywords_general" type="TEARDOWN">
<kw name="Close Application" library="AppiumLibrary">
<doc>Closes the current application and also close webdriver session.</doc>
<status status="PASS" starttime="20211125 09:35:33.247" endtime="20211125 09:35:34.644"/>
</kw>
<status status="PASS" starttime="20211125 09:35:33.247" endtime="20211125 09:35:34.644"/>
</kw>
<doc>Verifiera att en användare kan logga in</doc>
<tag>LIA1</tag>
<status status="PASS" starttime="20211125 09:35:12.789" endtime="20211125 09:35:34.645"/>
</test>
<doc>Testsuite Login funktioner</doc>
<status status="PASS" starttime="20211125 09:34:51.908" endtime="20211125 09:35:34.648"/>
</suite>
<statistics>
<total>
<stat pass="2" fail="0" skip="0">All Tests</stat>
</total>
<tag>
<stat pass="1" fail="0" skip="0">LIA1</stat>
</tag>
<suite>
<stat pass="2" fail="0" skip="0" id="s1" name="Login">Login</stat>
</suite>
</statistics>
<errors>
</errors>
</robot>
