<?xml version="1.0" encoding="UTF-8"?>
<robot generator="Robot 4.1.1 (Python 3.9.7 on win32)" generated="20211119 09:57:42.518" rpa="false" schemaversion="2">
<suite id="s1" name="Login" source="C:\Users\Kristoffer\Documents\Github\Tester LIA\Tests\Login.robot">
<test id="s1-t1" name="Starta App">
<kw name="Open Application" library="keywords_general" type="SETUP">
<kw name="Open Application" library="keywords_general">
<arg>http://localhost:4723/wd/hub</arg>
<arg>platformName=Android</arg>
<arg>deviceName=Pixel 4 API 30</arg>
<arg>appPackage=com.src</arg>
<arg>appActivity=com.src.MainActivity - src</arg>
<arg>automationName=Uiautomator2</arg>
<msg timestamp="20211119 09:57:42.982" level="FAIL">Keyword 'keywords_general.Open Application' expected 0 arguments, got 6.</msg>
<status status="FAIL" starttime="20211119 09:57:42.982" endtime="20211119 09:57:42.983"/>
</kw>
<status status="FAIL" starttime="20211119 09:57:42.982" endtime="20211119 09:57:42.983"/>
</kw>
<kw name="End Web Test" type="TEARDOWN">
<msg timestamp="20211119 09:57:42.987" level="FAIL">No keyword with name 'End Web Test' found.</msg>
<status status="FAIL" starttime="20211119 09:57:42.986" endtime="20211119 09:57:42.987">No keyword with name 'End Web Test' found.</status>
</kw>
<status status="FAIL" starttime="20211119 09:57:42.981" endtime="20211119 09:57:42.987">Setup failed:
Keyword 'keywords_general.Open Application' expected 0 arguments, got 6.

Also teardown failed:
No keyword with name 'End Web Test' found.</status>
</test>
<test id="s1-t2" name="Logga in som användare">
<kw name="Open Application" library="keywords_general" type="SETUP">
<kw name="Open Application" library="keywords_general">
<arg>http://localhost:4723/wd/hub</arg>
<arg>platformName=Android</arg>
<arg>deviceName=Pixel 4 API 30</arg>
<arg>appPackage=com.src</arg>
<arg>appActivity=com.src.MainActivity - src</arg>
<arg>automationName=Uiautomator2</arg>
<msg timestamp="20211119 09:57:42.991" level="FAIL">Keyword 'keywords_general.Open Application' expected 0 arguments, got 6.</msg>
<status status="FAIL" starttime="20211119 09:57:42.990" endtime="20211119 09:57:42.991"/>
</kw>
<status status="FAIL" starttime="20211119 09:57:42.990" endtime="20211119 09:57:42.992"/>
</kw>
<kw name="End Web Test" type="TEARDOWN">
<msg timestamp="20211119 09:57:42.999" level="FAIL">No keyword with name 'End Web Test' found.</msg>
<status status="FAIL" starttime="20211119 09:57:42.999" endtime="20211119 09:57:42.999">No keyword with name 'End Web Test' found.</status>
</kw>
<doc>Verifiera att en användare kan logga in</doc>
<tag>LIA1</tag>
<status status="FAIL" starttime="20211119 09:57:42.989" endtime="20211119 09:57:43.000">Setup failed:
Keyword 'keywords_general.Open Application' expected 0 arguments, got 6.

Also teardown failed:
No keyword with name 'End Web Test' found.</status>
</test>
<test id="s1-t3" name="User can fail a login atempt">
<kw name="Open Application" library="keywords_general" type="SETUP">
<kw name="Open Application" library="keywords_general">
<arg>http://localhost:4723/wd/hub</arg>
<arg>platformName=Android</arg>
<arg>deviceName=Pixel 4 API 30</arg>
<arg>appPackage=com.src</arg>
<arg>appActivity=com.src.MainActivity - src</arg>
<arg>automationName=Uiautomator2</arg>
<msg timestamp="20211119 09:57:43.003" level="FAIL">Keyword 'keywords_general.Open Application' expected 0 arguments, got 6.</msg>
<status status="FAIL" starttime="20211119 09:57:43.003" endtime="20211119 09:57:43.003"/>
</kw>
<status status="FAIL" starttime="20211119 09:57:43.002" endtime="20211119 09:57:43.003"/>
</kw>
<kw name="End Web Test" type="TEARDOWN">
<msg timestamp="20211119 09:57:43.006" level="FAIL">No keyword with name 'End Web Test' found.</msg>
<status status="FAIL" starttime="20211119 09:57:43.006" endtime="20211119 09:57:43.006">No keyword with name 'End Web Test' found.</status>
</kw>
<status status="FAIL" starttime="20211119 09:57:43.002" endtime="20211119 09:57:43.007">Setup failed:
Keyword 'keywords_general.Open Application' expected 0 arguments, got 6.

Also teardown failed:
No keyword with name 'End Web Test' found.</status>
</test>
<test id="s1-t4" name="Login as a user after first failing">
<kw name="Open Application" library="keywords_general" type="SETUP">
<kw name="Open Application" library="keywords_general">
<arg>http://localhost:4723/wd/hub</arg>
<arg>platformName=Android</arg>
<arg>deviceName=Pixel 4 API 30</arg>
<arg>appPackage=com.src</arg>
<arg>appActivity=com.src.MainActivity - src</arg>
<arg>automationName=Uiautomator2</arg>
<msg timestamp="20211119 09:57:43.011" level="FAIL">Keyword 'keywords_general.Open Application' expected 0 arguments, got 6.</msg>
<status status="FAIL" starttime="20211119 09:57:43.011" endtime="20211119 09:57:43.011"/>
</kw>
<status status="FAIL" starttime="20211119 09:57:43.010" endtime="20211119 09:57:43.011"/>
</kw>
<kw name="End Web Test" type="TEARDOWN">
<msg timestamp="20211119 09:57:43.015" level="FAIL">No keyword with name 'End Web Test' found.</msg>
<status status="FAIL" starttime="20211119 09:57:43.015" endtime="20211119 09:57:43.015">No keyword with name 'End Web Test' found.</status>
</kw>
<status status="FAIL" starttime="20211119 09:57:43.010" endtime="20211119 09:57:43.016">Setup failed:
Keyword 'keywords_general.Open Application' expected 0 arguments, got 6.

Also teardown failed:
No keyword with name 'End Web Test' found.</status>
</test>
<doc>Testsuite Login funktioner</doc>
<status status="FAIL" starttime="20211119 09:57:42.526" endtime="20211119 09:57:43.018"/>
</suite>
<statistics>
<total>
<stat pass="0" fail="4" skip="0">All Tests</stat>
</total>
<tag>
<stat pass="0" fail="1" skip="0">LIA1</stat>
</tag>
<suite>
<stat pass="0" fail="4" skip="0" id="s1" name="Login">Login</stat>
</suite>
</statistics>
<errors>
</errors>
</robot>
